17:02:13.110 [TestNG-tests-1] INFO  testCase.TC001_Account_Reg - Providing Customer Details
17:02:14.429 [TestNG-tests-1] INFO  testCase.TC001_Account_Reg - Validating Expected Message
17:02:14.470 [TestNG-tests-1] INFO  testCase.TC001_Account_Reg - Finished Logger TC001_Account_Reg Test Case 
17:02:26.461 [main] DEBUG org.testng.TestNG - suiteXmlPath: "/home/lokanath/NewJavaProject/Automation/OpenCardV121/crossBrowserTesting.xml"
17:02:26.663 [main] INFO  org.testng.internal.Utils - [TestNG] Running:
  /home/lokanath/NewJavaProject/Automation/OpenCardV121/crossBrowserTesting.xml

17:02:33.303 [main] INFO  testCase.TC002_Login_page - ********** Starting Login Test **********
17:04:42.665 [main] DEBUG org.testng.TestNG - suiteXmlPath: "/home/lokanath/NewJavaProject/Automation/OpenCardV121/crossBrowserTesting.xml"
17:04:42.981 [main] INFO  org.testng.internal.Utils - [TestNG] Running:
  /home/lokanath/NewJavaProject/Automation/OpenCardV121/crossBrowserTesting.xml

17:04:48.227 [main] INFO  testCase.TC002_Login_page - ********** Starting Login Test **********
17:06:10.940 [main] DEBUG org.testng.TestNG - suiteXmlPath: "/tmp/testng-eclipse-47482432/testng-customsuite.xml"
17:06:11.183 [main] INFO  org.testng.internal.Utils - [Utils] MethodGroupsHelper.collectMethodsByGroup() took 0 ms.
17:06:11.185 [main] INFO  org.testng.internal.Utils - [Utils] MethodGroupsHelper.sortMethods() took 1 ms.
17:06:11.187 [main] INFO  org.testng.internal.Utils - [Utils] MethodGroupsHelper.collectMethodsByGroup() took 0 ms.
17:06:11.187 [main] INFO  org.testng.internal.Utils - [Utils] MethodGroupsHelper.sortMethods() took 0 ms.
17:06:11.188 [main] INFO  org.testng.internal.Utils - [Utils] MethodGroupsHelper.collectMethodsByGroup() took 0 ms.
17:06:11.188 [main] INFO  org.testng.internal.Utils - [Utils] MethodGroupsHelper.sortMethods() took 0 ms.
17:06:11.189 [main] INFO  org.testng.internal.Utils - [Utils] MethodGroupsHelper.collectMethodsByGroup() took 0 ms.
17:06:11.189 [main] INFO  org.testng.internal.Utils - [Utils] MethodGroupsHelper.sortMethods() took 0 ms.
17:06:11.200 [main] INFO  org.testng.internal.Utils - [Utils] MethodGroupsHelper.collectMethodsByGroup() took 9 ms.
17:06:11.213 [main] INFO  org.testng.internal.Utils - [Utils] MethodGroupsHelper.sortMethods() took 13 ms.
17:06:11.218 [main] INFO  org.testng.internal.Utils - [Utils] MethodGroupsHelper.collectMethodsByGroup() took 0 ms.
17:06:11.219 [main] INFO  org.testng.internal.Utils - [Utils] MethodGroupsHelper.sortMethods() took 1 ms.
17:06:11.222 [main] INFO  org.testng.internal.Utils - [Utils] MethodGroupsHelper.collectMethodsByGroup() took 0 ms.
17:06:11.222 [main] INFO  org.testng.internal.Utils - [Utils] MethodGroupsHelper.sortMethods() took 0 ms.
17:06:11.223 [main] INFO  org.testng.internal.Utils - [Utils] MethodGroupsHelper.collectMethodsByGroup() took 0 ms.
17:06:11.224 [main] INFO  org.testng.internal.Utils - [Utils] MethodGroupsHelper.sortMethods() took 0 ms.
17:06:11.228 [main] INFO  org.testng.internal.Utils - [Utils] MethodGroupsHelper.collectMethodsByGroup() took 0 ms.
17:06:11.228 [main] INFO  org.testng.internal.Utils - [Utils] MethodGroupsHelper.sortMethods() took 0 ms.
17:06:11.229 [main] INFO  org.testng.internal.Utils - [Utils] MethodGroupsHelper.collectMethodsByGroup() took 0 ms.
17:06:11.229 [main] INFO  org.testng.internal.Utils - [Utils] MethodGroupsHelper.sortMethods() took 0 ms.
17:06:11.232 [main] INFO  org.testng.internal.Utils - [Utils] MethodGroupsHelper.collectMethodsByGroup() took 0 ms.
17:06:11.233 [main] INFO  org.testng.internal.Utils - [Utils] MethodGroupsHelper.sortMethods() took 0 ms.
17:06:11.233 [main] INFO  org.testng.internal.Utils - [Utils] MethodGroupsHelper.collectMethodsByGroup() took 0 ms.
17:06:11.233 [main] INFO  org.testng.internal.Utils - [Utils] MethodGroupsHelper.sortMethods() took 0 ms.
17:06:11.234 [main] INFO  org.testng.internal.Utils - [Utils] MethodGroupsHelper.collectMethodsByGroup() took 0 ms.
17:06:11.235 [main] INFO  org.testng.internal.Utils - [Utils] MethodGroupsHelper.sortMethods() took 0 ms.
17:06:11.236 [main] INFO  org.testng.internal.Utils - [Utils] MethodGroupsHelper.collectMethodsByGroup() took 0 ms.
17:06:11.236 [main] INFO  org.testng.internal.Utils - [Utils] MethodGroupsHelper.sortMethods() took 0 ms.
17:06:11.236 [main] INFO  org.testng.internal.Utils - [Utils] MethodGroupsHelper.collectMethodsByGroup() took 0 ms.
17:06:11.237 [main] INFO  org.testng.internal.Utils - [Utils] MethodGroupsHelper.sortMethods() took 0 ms.
17:06:11.247 [main] INFO  org.testng.internal.Utils - [TestNG] Running:
  /tmp/testng-eclipse-47482432/testng-customsuite.xml

17:06:11.275 [main] INFO  org.testng.internal.Utils - [Utils] DynamicGraphHelper.createDynamicGraph() took 4 ms.
17:06:11.472 [main] INFO  org.testng.internal.Utils - [TestNG] Time taken by org.testng.reporters.jq.Main@52045dbe: 83 ms
17:06:11.485 [main] INFO  org.testng.internal.Utils - [TestNG] Time taken by org.testng.reporters.FailedReporter@4febb875: 12 ms
